<?xml version="1.0" encoding="UTF-8"?>
<!-- Generated by org.testng.reporters.JUnitXMLReporter -->
<testsuite ignored="0" hostname="LAPTOP-CM565MI1" failures="1" tests="3" name="HandlingErrorTest" time="37.018" errors="0" timestamp="2024-07-18T15:48:21 IST">
  <testcase classname="Selenium_Java.tests.HandlingErrorTest" name="ProductErrorValidation" time="18.732"/>
  <testcase classname="Selenium_Java.tests.HandlingErrorTest" name="submitOrderError" time="1.432">
    <skipped/>
  </testcase> <!-- submitOrderError -->
  <testcase classname="Selenium_Java.tests.HandlingErrorTest" name="submitOrderError" time="1.537">
    <failure type="java.lang.AssertionError" message="expected [Incorrec email or password.] but found [Incorrect email or password.]">
      <![CDATA[java.lang.AssertionError: expected [Incorrec email or password.] but found [Incorrect email or password.]
at Selenium_Java.tests.HandlingErrorTest.submitOrderError(HandlingErrorTest.java:25)
at java.base/java.util.ArrayList.forEach(ArrayList.java:1511)
at java.base/java.util.concurrent.FutureTask.run(FutureTask.java:264)
at java.base/java.util.concurrent.ThreadPoolExecutor.runWorker(ThreadPoolExecutor.java:1136)
at java.base/java.util.concurrent.ThreadPoolExecutor$Worker.run(ThreadPoolExecutor.java:635)
at java.base/java.lang.Thread.run(Thread.java:842)
... Removed 23 stack frames]]>
    </failure>
  </testcase> <!-- submitOrderError -->
</testsuite> <!-- HandlingErrorTest -->
