<?xml version="1.0" encoding="UTF-8"?>
<!-- Generated by org.testng.reporters.JUnitXMLReporter -->
<testsuite ignored="0" hostname="LAPTOP-CM565MI1" failures="0" tests="4" name="StandAloneTest2" time="78.036" errors="0" timestamp="2024-07-18T15:49:02 IST">
  <testcase classname="Selenium_Java.tests.StandAloneTest2" name="submitOrder" time="20.004"/>
  <testcase classname="Selenium_Java.tests.StandAloneTest2" name="submitOrder" time="19.437"/>
  <testcase classname="Selenium_Java.tests.StandAloneTest2" name="submitOrder" time="19.44"/>
  <testcase classname="Selenium_Java.tests.StandAloneTest2" name="orderHistoryTest" time="0.799"/>
</testsuite> <!-- StandAloneTest2 -->
