<?xml version="1.0" encoding="UTF-8"?>
<!-- Generated by org.testng.reporters.JUnitXMLReporter -->
<testsuite ignored="1" hostname="LAPTOP-CM565MI1" failures="0" tests="1" name="HandlingErrorTest" time="9.429" errors="0" timestamp="2024-07-20T17:54:18 IST">
  <testcase classname="Selenium_Java.tests.HandlingErrorTest" name="submitOrderError" time="1.445"/>
  <testcase classname="Selenium_Java.tests.HandlingErrorTest" name="ProductErrorValidation" time="0.0">
    <ignored/>
  </testcase> <!-- ProductErrorValidation -->
</testsuite> <!-- HandlingErrorTest -->
