<?xml version="1.0" encoding="UTF-8"?>
<!-- Generated by org.testng.reporters.JUnitXMLReporter -->
<testsuite ignored="2" hostname="LAPTOP-CM565MI1" failures="0" tests="0" time="0.013" errors="0" timestamp="2024-07-20T17:54:09 IST">
  <testcase classname="Selenium_Java.tests.StandAloneTest2" name="submitOrder" time="0.0">
    <ignored/>
  </testcase> <!-- submitOrder -->
  <testcase classname="Selenium_Java.tests.StandAloneTest2" name="orderHistoryTest" time="0.0">
    <ignored/>
  </testcase> <!-- orderHistoryTest -->
</testsuite>
